Determining if the pthread_create exist failed with the following output:
Change Dir: /home/tr/Downloads/slambook/ch6/ceres_curve_fitting/cmake-build-debug/CMakeFiles/CMakeTmp

Run Build Command:"/usr/bin/make" "cmTC_e71f9/fast"
make[1]: Entering directory '/home/tr/Downloads/slambook/ch6/ceres_curve_fitting/cmake-build-debug/CMakeFiles/CMakeTmp'
/usr/bin/make -f CMakeFiles/cmTC_e71f9.dir/build.make CMakeFiles/cmTC_e71f9.dir/build
make[2]: Entering directory '/home/tr/Downloads/slambook/ch6/ceres_curve_fitting/cmake-build-debug/CMakeFiles/CMakeTmp'
Building C object CMakeFiles/cmTC_e71f9.dir/CheckSymbolExists.c.o
/usr/bin/cc    -o CMakeFiles/cmTC_e71f9.dir/CheckSymbolExists.c.o   -c /home/tr/Downloads/slambook/ch6/ceres_curve_fitting/cmake-build-debug/CMakeFiles/CMakeTmp/CheckSymbolExists.c
Linking C executable cmTC_e71f9
/home/tr/Documents/clion-2018.2.4/bin/cmake/linux/bin/cmake -E cmake_link_script CMakeFiles/cmTC_e71f9.dir/link.txt --verbose=1
/usr/bin/cc      -rdynamic CMakeFiles/cmTC_e71f9.dir/CheckSymbolExists.c.o  -o cmTC_e71f9 
CMakeFiles/cmTC_e71f9.dir/CheckSymbolExists.c.o: In function `main':
CheckSymbolExists.c:(.text+0x16): undefined reference to `pthread_create'
collect2: error: ld returned 1 exit status
CMakeFiles/cmTC_e71f9.dir/build.make:86: recipe for target 'cmTC_e71f9' failed
make[2]: *** [cmTC_e71f9] Error 1
make[2]: Leaving directory '/home/tr/Downloads/slambook/ch6/ceres_curve_fitting/cmake-build-debug/CMakeFiles/CMakeTmp'
Makefile:121: recipe for target 'cmTC_e71f9/fast' failed
make[1]: *** [cmTC_e71f9/fast] Error 2
make[1]: Leaving directory '/home/tr/Downloads/slambook/ch6/ceres_curve_fitting/cmake-build-debug/CMakeFiles/CMakeTmp'

File /home/tr/Downloads/slambook/ch6/ceres_curve_fitting/cmake-build-debug/CMakeFiles/CMakeTmp/CheckSymbolExists.c:
/* */
#include <pthread.h>

int main(int argc, char** argv)
{
  (void)argv;
#ifndef pthread_create
  return ((int*)(&pthread_create))[argc];
#else
  (void)argc;
  return 0;
#endif
}

Determining if the function pthread_create exists in the pthreads failed with the following output:
Change Dir: /home/tr/Downloads/slambook/ch6/ceres_curve_fitting/cmake-build-debug/CMakeFiles/CMakeTmp

Run Build Command:"/usr/bin/make" "cmTC_3c179/fast"
make[1]: Entering directory '/home/tr/Downloads/slambook/ch6/ceres_curve_fitting/cmake-build-debug/CMakeFiles/CMakeTmp'
/usr/bin/make -f CMakeFiles/cmTC_3c179.dir/build.make CMakeFiles/cmTC_3c179.dir/build
make[2]: Entering directory '/home/tr/Downloads/slambook/ch6/ceres_curve_fitting/cmake-build-debug/CMakeFiles/CMakeTmp'
Building C object CMakeFiles/cmTC_3c179.dir/CheckFunctionExists.c.o
/usr/bin/cc   -DCHECK_FUNCTION_EXISTS=pthread_create   -o CMakeFiles/cmTC_3c179.dir/CheckFunctionExists.c.o   -c /home/tr/Documents/clion-2018.2.4/bin/cmake/linux/share/cmake-3.12/Modules/CheckFunctionExists.c
Linking C executable cmTC_3c179
/home/tr/Documents/clion-2018.2.4/bin/cmake/linux/bin/cmake -E cmake_link_script CMakeFiles/cmTC_3c179.dir/link.txt --verbose=1
/usr/bin/cc  -DCHECK_FUNCTION_EXISTS=pthread_create    -rdynamic CMakeFiles/cmTC_3c179.dir/CheckFunctionExists.c.o  -o cmTC_3c179 -lpthreads 
/usr/bin/ld: cannot find -lpthreads
collect2: error: ld returned 1 exit status
CMakeFiles/cmTC_3c179.dir/build.make:86: recipe for target 'cmTC_3c179' failed
make[2]: *** [cmTC_3c179] Error 1
make[2]: Leaving directory '/home/tr/Downloads/slambook/ch6/ceres_curve_fitting/cmake-build-debug/CMakeFiles/CMakeTmp'
Makefile:121: recipe for target 'cmTC_3c179/fast' failed
make[1]: *** [cmTC_3c179/fast] Error 2
make[1]: Leaving directory '/home/tr/Downloads/slambook/ch6/ceres_curve_fitting/cmake-build-debug/CMakeFiles/CMakeTmp'


